[0m14:30:30.385990 [debug] [MainThread]: Sending event: {'category': 'dbt', 'action': 'invocation', 'label': 'start', 'context': [<snowplow_tracker.self_describing_json.SelfDescribingJson object at 0x00000197D97F7E90>, <snowplow_tracker.self_describing_json.SelfDescribingJson object at 0x00000197D9B7B530>, <snowplow_tracker.self_describing_json.SelfDescribingJson object at 0x00000197D9817500>]}


============================== 14:30:30.407644 | 7b46eaaf-a1ed-401c-a7e2-7ad3904fd85b ==============================
[0m14:30:30.407644 [info ] [MainThread]: Running with dbt=1.9.2
[0m14:30:30.415727 [debug] [MainThread]: running dbt with arguments {'printer_width': '80', 'indirect_selection': 'eager', 'log_cache_events': 'False', 'write_json': 'True', 'partial_parse': 'True', 'cache_selected_only': 'False', 'warn_error': 'None', 'version_check': 'True', 'profiles_dir': 'C:\\Users\\Shivam Singh\\.dbt', 'log_path': 'logs', 'fail_fast': 'False', 'debug': 'False', 'use_colors': 'True', 'use_experimental_parser': 'False', 'empty': 'None', 'quiet': 'False', 'no_print': 'None', 'warn_error_options': 'WarnErrorOptions(include=[], exclude=[])', 'invocation_command': 'dbt init', 'log_format': 'default', 'introspect': 'True', 'target_path': 'None', 'static_parser': 'True', 'send_anonymous_usage_stats': 'True'}
[0m14:30:45.804569 [debug] [MainThread]: Starter project path: C:\Users\Shivam Singh\OneDrive\Desktop\Fidelity\snowflake\env_snowflake\Lib\site-packages\dbt\include\starter_project
[0m14:30:45.894417 [info ] [MainThread]: 
Your new dbt project "snowflake_prj" was created!

For more information on how to configure the profiles.yml file,
please consult the dbt documentation here:

  https://docs.getdbt.com/docs/configure-your-profile

One more thing:

Need help? Don't hesitate to reach out to us via GitHub issues or on Slack:

  https://community.getdbt.com/

Happy modeling!

[0m14:30:45.904765 [info ] [MainThread]: Setting up your profile.
[0m14:36:40.664584 [info ] [MainThread]: Profile snowflake_prj written to C:\Users\Shivam Singh\.dbt\profiles.yml using target's profile_template.yml and your supplied values. Run 'dbt debug' to validate the connection.
[0m14:36:40.741477 [debug] [MainThread]: Command `dbt init` succeeded at 14:36:40.734542 after 370.85 seconds
[0m14:36:40.758081 [debug] [MainThread]: Sending event: {'category': 'dbt', 'action': 'invocation', 'label': 'end', 'context': [<snowplow_tracker.self_describing_json.SelfDescribingJson object at 0x00000197D916AB70>, <snowplow_tracker.self_describing_json.SelfDescribingJson object at 0x00000197D91691C0>, <snowplow_tracker.self_describing_json.SelfDescribingJson object at 0x00000197D916AE10>]}
[0m14:36:40.774651 [debug] [MainThread]: Flushing usage events
[0m14:36:42.441683 [debug] [MainThread]: An error was encountered while trying to flush usage events
