[0m16:03:53.944768 [debug] [MainThread]: Sending event: {'category': 'dbt', 'action': 'invocation', 'label': 'start', 'context': [<snowplow_tracker.self_describing_json.SelfDescribingJson object at 0x0000025D648DA570>, <snowplow_tracker.self_describing_json.SelfDescribingJson object at 0x0000025D64487260>, <snowplow_tracker.self_describing_json.SelfDescribingJson object at 0x0000025D648DA4E0>]}


============================== 16:03:53.953836 | 82204b9b-8d3a-4ef2-a557-e7b1eef879ae ==============================
[0m16:03:53.953836 [info ] [MainThread]: Running with dbt=1.7.9
[0m16:03:53.955837 [debug] [MainThread]: running dbt with arguments {'printer_width': '80', 'indirect_selection': 'eager', 'write_json': 'True', 'log_cache_events': 'False', 'partial_parse': 'True', 'cache_selected_only': 'False', 'profiles_dir': 'C:\\Users\\Shivam Singh\\.dbt', 'debug': 'False', 'fail_fast': 'False', 'log_path': 'logs', 'version_check': 'True', 'warn_error': 'None', 'use_colors': 'True', 'use_experimental_parser': 'False', 'no_print': 'None', 'quiet': 'False', 'log_format': 'default', 'introspect': 'True', 'static_parser': 'True', 'warn_error_options': 'WarnErrorOptions(include=[], exclude=[])', 'target_path': 'None', 'invocation_command': 'dbt init', 'send_anonymous_usage_stats': 'True'}
[0m16:03:53.957836 [warn ] [MainThread]: [ConfigFolderDirectory]: Unable to parse dict {'dir': WindowsPath('C:/Users/Shivam Singh/.dbt')}
[0m16:03:53.958862 [info ] [MainThread]: Creating dbt configuration folder at 
[0m16:06:29.331387 [debug] [MainThread]: Starter project path: C:\Users\Shivam Singh\OneDrive\Desktop\Fidelity\dbt\dbt_env\Lib\site-packages\dbt\include\starter_project
[0m16:06:29.404028 [info ] [MainThread]: 
Your new dbt project "dbt_mysql_prj" was created!

For more information on how to configure the profiles.yml file,
please consult the dbt documentation here:

  https://docs.getdbt.com/docs/configure-your-profile

One more thing:

Need help? Don't hesitate to reach out to us via GitHub issues or on Slack:

  https://community.getdbt.com/

Happy modeling!

[0m16:06:29.408026 [info ] [MainThread]: Setting up your profile.
[0m16:07:34.096387 [info ] [MainThread]: Profile dbt_mysql_prj written to C:\Users\Shivam Singh\.dbt\profiles.yml using target's sample configuration. Once updated, you'll be able to start developing with dbt.
[0m16:07:34.098379 [debug] [MainThread]: Command `dbt init` succeeded at 16:07:34.098379 after 220.27 seconds
[0m16:07:34.099381 [debug] [MainThread]: Sending event: {'category': 'dbt', 'action': 'invocation', 'label': 'end', 'context': [<snowplow_tracker.self_describing_json.SelfDescribingJson object at 0x0000025D63F352E0>, <snowplow_tracker.self_describing_json.SelfDescribingJson object at 0x0000025D63E3E030>, <snowplow_tracker.self_describing_json.SelfDescribingJson object at 0x0000025D63E3F5C0>]}
[0m16:07:34.100398 [debug] [MainThread]: Flushing usage events
[0m16:10:00.372372 [debug] [MainThread]: Sending event: {'category': 'dbt', 'action': 'invocation', 'label': 'start', 'context': [<snowplow_tracker.self_describing_json.SelfDescribingJson object at 0x00000154C13F61E0>, <snowplow_tracker.self_describing_json.SelfDescribingJson object at 0x00000154C138F260>, <snowplow_tracker.self_describing_json.SelfDescribingJson object at 0x00000154C167A570>]}


============================== 16:10:00.382445 | 9fdac8cb-3dde-43a7-89b6-08ced6eec05f ==============================
[0m16:10:00.382445 [info ] [MainThread]: Running with dbt=1.7.9
[0m16:10:00.384478 [debug] [MainThread]: running dbt with arguments {'printer_width': '80', 'indirect_selection': 'eager', 'write_json': 'True', 'log_cache_events': 'False', 'partial_parse': 'True', 'cache_selected_only': 'False', 'profiles_dir': 'C:\\Users\\Shivam Singh\\.dbt', 'version_check': 'True', 'debug': 'False', 'log_path': 'logs', 'fail_fast': 'False', 'warn_error': 'None', 'use_colors': 'True', 'use_experimental_parser': 'False', 'no_print': 'None', 'quiet': 'False', 'log_format': 'default', 'invocation_command': 'dbt debug', 'static_parser': 'True', 'introspect': 'True', 'target_path': 'None', 'warn_error_options': 'WarnErrorOptions(include=[], exclude=[])', 'send_anonymous_usage_stats': 'True'}
[0m16:10:00.385457 [info ] [MainThread]: dbt version: 1.7.9
[0m16:10:00.386500 [info ] [MainThread]: python version: 3.12.2
[0m16:10:00.387441 [info ] [MainThread]: python path: C:\Users\Shivam Singh\OneDrive\Desktop\Fidelity\dbt\dbt_env\Scripts\python.exe
[0m16:10:00.388496 [info ] [MainThread]: os info: Windows-11-10.0.22631-SP0
[0m16:10:00.539530 [info ] [MainThread]: Using profiles dir at C:\Users\Shivam Singh\.dbt
[0m16:10:00.541528 [info ] [MainThread]: Using profiles.yml file at C:\Users\Shivam Singh\.dbt\profiles.yml
[0m16:10:00.542530 [info ] [MainThread]: Using dbt_project.yml file at C:\Users\Shivam Singh\OneDrive\Desktop\Fidelity\dbt\dbt_project.yml
[0m16:10:00.544530 [info ] [MainThread]: Configuration:
[0m16:10:00.545718 [info ] [MainThread]:   profiles.yml file [[31mERROR invalid[0m]
[0m16:10:00.546728 [info ] [MainThread]:   dbt_project.yml file [[31mERROR not found[0m]
[0m16:10:00.547739 [info ] [MainThread]: Required dependencies:
[0m16:10:00.548744 [debug] [MainThread]: Executing "git --help"
[0m16:10:00.638757 [debug] [MainThread]: STDOUT: "b"usage: git [-v | --version] [-h | --help] [-C <path>] [-c <name>=<value>]\n           [--exec-path[=<path>]] [--html-path] [--man-path] [--info-path]\n           [-p | --paginate | -P | --no-pager] [--no-replace-objects] [--bare]\n           [--git-dir=<path>] [--work-tree=<path>] [--namespace=<name>]\n           [--config-env=<name>=<envvar>] <command> [<args>]\n\nThese are common Git commands used in various situations:\n\nstart a working area (see also: git help tutorial)\n   clone     Clone a repository into a new directory\n   init      Create an empty Git repository or reinitialize an existing one\n\nwork on the current change (see also: git help everyday)\n   add       Add file contents to the index\n   mv        Move or rename a file, a directory, or a symlink\n   restore   Restore working tree files\n   rm        Remove files from the working tree and from the index\n\nexamine the history and state (see also: git help revisions)\n   bisect    Use binary search to find the commit that introduced a bug\n   diff      Show changes between commits, commit and working tree, etc\n   grep      Print lines matching a pattern\n   log       Show commit logs\n   show      Show various types of objects\n   status    Show the working tree status\n\ngrow, mark and tweak your common history\n   branch    List, create, or delete branches\n   commit    Record changes to the repository\n   merge     Join two or more development histories together\n   rebase    Reapply commits on top of another base tip\n   reset     Reset current HEAD to the specified state\n   switch    Switch branches\n   tag       Create, list, delete or verify a tag object signed with GPG\n\ncollaborate (see also: git help workflows)\n   fetch     Download objects and refs from another repository\n   pull      Fetch from and integrate with another repository or a local branch\n   push      Update remote refs along with associated objects\n\n'git help -a' and 'git help -g' list available subcommands and some\nconcept guides. See 'git help <command>' or 'git help <concept>'\nto read about a specific subcommand or concept.\nSee 'git help git' for an overview of the system.\n""
[0m16:10:00.639736 [debug] [MainThread]: STDERR: "b''"
[0m16:10:00.639736 [info ] [MainThread]:  - git [[32mOK found[0m]

[0m16:10:00.640734 [info ] [MainThread]: Connection test skipped since no profile was found
[0m16:10:00.641737 [info ] [MainThread]: [31m2 checks failed:[0m
[0m16:10:00.643749 [info ] [MainThread]: Could not load dbt_project.yml
Profile loading failed for the following reason:
Runtime Error
  Credentials in profile "dbt_mysql_prj", target "dev" invalid: ['schema'] is not valid under any of the given schemas


[0m16:10:00.646778 [info ] [MainThread]: Project loading failed for the following reason:
 project path <C:\Users\Shivam Singh\OneDrive\Desktop\Fidelity\dbt\dbt_project.yml> not found

[0m16:10:00.648803 [debug] [MainThread]: Command `dbt debug` failed at 16:10:00.648803 after 0.45 seconds
[0m16:10:00.649763 [debug] [MainThread]: Sending event: {'category': 'dbt', 'action': 'invocation', 'label': 'end', 'context': [<snowplow_tracker.self_describing_json.SelfDescribingJson object at 0x00000154C15265A0>, <snowplow_tracker.self_describing_json.SelfDescribingJson object at 0x00000154C0B992B0>, <snowplow_tracker.self_describing_json.SelfDescribingJson object at 0x00000154C16E3CB0>]}
[0m16:10:00.649763 [debug] [MainThread]: Flushing usage events
[0m16:15:58.697518 [debug] [MainThread]: Sending event: {'category': 'dbt', 'action': 'invocation', 'label': 'start', 'context': [<snowplow_tracker.self_describing_json.SelfDescribingJson object at 0x00000187DD66A150>, <snowplow_tracker.self_describing_json.SelfDescribingJson object at 0x00000187DD66A0F0>, <snowplow_tracker.self_describing_json.SelfDescribingJson object at 0x00000187DD66A240>]}


============================== 16:15:58.706517 | 00cd774e-9da4-4a7a-a5e5-7a389b7ade5f ==============================
[0m16:15:58.706517 [info ] [MainThread]: Running with dbt=1.7.9
[0m16:15:58.708467 [debug] [MainThread]: running dbt with arguments {'printer_width': '80', 'indirect_selection': 'eager', 'write_json': 'True', 'log_cache_events': 'False', 'partial_parse': 'True', 'cache_selected_only': 'False', 'warn_error': 'None', 'debug': 'False', 'profiles_dir': 'C:\\Users\\Shivam Singh\\.dbt', 'log_path': 'logs', 'fail_fast': 'False', 'version_check': 'True', 'use_colors': 'True', 'use_experimental_parser': 'False', 'no_print': 'None', 'quiet': 'False', 'warn_error_options': 'WarnErrorOptions(include=[], exclude=[])', 'introspect': 'True', 'log_format': 'default', 'static_parser': 'True', 'target_path': 'None', 'invocation_command': 'dbt debug', 'send_anonymous_usage_stats': 'True'}
[0m16:15:58.710453 [info ] [MainThread]: dbt version: 1.7.9
[0m16:15:58.711450 [info ] [MainThread]: python version: 3.12.2
[0m16:15:58.712450 [info ] [MainThread]: python path: C:\Users\Shivam Singh\OneDrive\Desktop\Fidelity\dbt\dbt_env\Scripts\python.exe
[0m16:15:58.713535 [info ] [MainThread]: os info: Windows-11-10.0.22631-SP0
[0m16:15:58.915603 [info ] [MainThread]: Using profiles dir at C:\Users\Shivam Singh\.dbt
[0m16:15:58.917686 [info ] [MainThread]: Using profiles.yml file at C:\Users\Shivam Singh\.dbt\profiles.yml
[0m16:15:58.918624 [info ] [MainThread]: Using dbt_project.yml file at C:\Users\Shivam Singh\OneDrive\Desktop\Fidelity\dbt\dbt_project.yml
[0m16:15:58.921677 [info ] [MainThread]: adapter type: mysql
[0m16:15:58.922348 [info ] [MainThread]: adapter version: 1.7.0
[0m16:15:58.923363 [info ] [MainThread]: Configuration:
[0m16:15:58.925356 [info ] [MainThread]:   profiles.yml file [[32mOK found and valid[0m]
[0m16:15:58.926451 [info ] [MainThread]:   dbt_project.yml file [[31mERROR not found[0m]
[0m16:15:58.927428 [info ] [MainThread]: Required dependencies:
[0m16:15:58.928362 [debug] [MainThread]: Executing "git --help"
[0m16:15:59.019006 [debug] [MainThread]: STDOUT: "b"usage: git [-v | --version] [-h | --help] [-C <path>] [-c <name>=<value>]\n           [--exec-path[=<path>]] [--html-path] [--man-path] [--info-path]\n           [-p | --paginate | -P | --no-pager] [--no-replace-objects] [--bare]\n           [--git-dir=<path>] [--work-tree=<path>] [--namespace=<name>]\n           [--config-env=<name>=<envvar>] <command> [<args>]\n\nThese are common Git commands used in various situations:\n\nstart a working area (see also: git help tutorial)\n   clone     Clone a repository into a new directory\n   init      Create an empty Git repository or reinitialize an existing one\n\nwork on the current change (see also: git help everyday)\n   add       Add file contents to the index\n   mv        Move or rename a file, a directory, or a symlink\n   restore   Restore working tree files\n   rm        Remove files from the working tree and from the index\n\nexamine the history and state (see also: git help revisions)\n   bisect    Use binary search to find the commit that introduced a bug\n   diff      Show changes between commits, commit and working tree, etc\n   grep      Print lines matching a pattern\n   log       Show commit logs\n   show      Show various types of objects\n   status    Show the working tree status\n\ngrow, mark and tweak your common history\n   branch    List, create, or delete branches\n   commit    Record changes to the repository\n   merge     Join two or more development histories together\n   rebase    Reapply commits on top of another base tip\n   reset     Reset current HEAD to the specified state\n   switch    Switch branches\n   tag       Create, list, delete or verify a tag object signed with GPG\n\ncollaborate (see also: git help workflows)\n   fetch     Download objects and refs from another repository\n   pull      Fetch from and integrate with another repository or a local branch\n   push      Update remote refs along with associated objects\n\n'git help -a' and 'git help -g' list available subcommands and some\nconcept guides. See 'git help <command>' or 'git help <concept>'\nto read about a specific subcommand or concept.\nSee 'git help git' for an overview of the system.\n""
[0m16:15:59.020077 [debug] [MainThread]: STDERR: "b''"
[0m16:15:59.020077 [info ] [MainThread]:  - git [[32mOK found[0m]

[0m16:15:59.021049 [info ] [MainThread]: Connection:
[0m16:15:59.022100 [info ] [MainThread]:   server: localhost
[0m16:15:59.023009 [info ] [MainThread]:   unix_socket: None
[0m16:15:59.024005 [info ] [MainThread]:   port: 3306
[0m16:15:59.025005 [info ] [MainThread]:   database: None
[0m16:15:59.026067 [info ] [MainThread]:   schema: fidelity
[0m16:15:59.027006 [info ] [MainThread]:   user: root
[0m16:15:59.027006 [info ] [MainThread]: Registered adapter: mysql=1.7.0
[0m16:15:59.029545 [debug] [MainThread]: Acquiring new mysql connection 'debug'
[0m16:15:59.030530 [debug] [MainThread]: Using mysql connection "debug"
[0m16:15:59.031543 [debug] [MainThread]: On debug: select 1 as id
[0m16:15:59.032528 [debug] [MainThread]: Opening a new connection, currently in state init
[0m16:15:59.202122 [debug] [MainThread]: SQL status: SUCCESS 1 in 0.0 seconds
[0m16:15:59.204134 [debug] [MainThread]: On debug: Close
[0m16:15:59.206122 [info ] [MainThread]:   Connection test: [[32mOK connection ok[0m]

[0m16:15:59.210119 [info ] [MainThread]: [31m1 check failed:[0m
[0m16:15:59.211118 [info ] [MainThread]: Project loading failed for the following reason:
 project path <C:\Users\Shivam Singh\OneDrive\Desktop\Fidelity\dbt\dbt_project.yml> not found

[0m16:15:59.213142 [debug] [MainThread]: Command `dbt debug` failed at 16:15:59.213142 after 0.71 seconds
[0m16:15:59.214152 [debug] [MainThread]: Connection 'debug' was properly closed.
[0m16:15:59.215148 [debug] [MainThread]: Sending event: {'category': 'dbt', 'action': 'invocation', 'label': 'end', 'context': [<snowplow_tracker.self_describing_json.SelfDescribingJson object at 0x00000187DD4E11F0>, <snowplow_tracker.self_describing_json.SelfDescribingJson object at 0x00000187DD77ABD0>, <snowplow_tracker.self_describing_json.SelfDescribingJson object at 0x00000187DD79ED80>]}
[0m16:15:59.216149 [debug] [MainThread]: Flushing usage events
[0m12:06:32.153463 [debug] [MainThread]: Sending event: {'category': 'dbt', 'action': 'invocation', 'label': 'start', 'context': [<snowplow_tracker.self_describing_json.SelfDescribingJson object at 0x000001F2533902C0>, <snowplow_tracker.self_describing_json.SelfDescribingJson object at 0x000001F25272ECC0>, <snowplow_tracker.self_describing_json.SelfDescribingJson object at 0x000001F253390F50>]}


============================== 12:06:32.163201 | dcca1b75-9109-4833-93de-26e45f689ea5 ==============================
[0m12:06:32.163201 [info ] [MainThread]: Running with dbt=1.7.9
[0m12:06:32.165223 [debug] [MainThread]: running dbt with arguments {'printer_width': '80', 'indirect_selection': 'eager', 'log_cache_events': 'False', 'write_json': 'True', 'partial_parse': 'True', 'cache_selected_only': 'False', 'profiles_dir': 'C:\\Users\\Shivam Singh\\.dbt', 'fail_fast': 'False', 'warn_error': 'None', 'log_path': 'logs', 'debug': 'False', 'version_check': 'True', 'use_colors': 'True', 'use_experimental_parser': 'False', 'no_print': 'None', 'quiet': 'False', 'warn_error_options': 'WarnErrorOptions(include=[], exclude=[])', 'static_parser': 'True', 'log_format': 'default', 'introspect': 'True', 'target_path': 'None', 'invocation_command': 'dbt init nestedquery', 'send_anonymous_usage_stats': 'True'}
[0m12:06:32.173309 [debug] [MainThread]: Starter project path: C:\Users\Shivam Singh\OneDrive\Desktop\Fidelity\dbt\dbt_env\Lib\site-packages\dbt\include\starter_project
[0m12:06:32.229502 [info ] [MainThread]: 
Your new dbt project "nestedquery" was created!

For more information on how to configure the profiles.yml file,
please consult the dbt documentation here:

  https://docs.getdbt.com/docs/configure-your-profile

One more thing:

Need help? Don't hesitate to reach out to us via GitHub issues or on Slack:

  https://community.getdbt.com/

Happy modeling!

[0m12:06:32.233501 [info ] [MainThread]: Setting up your profile.
[0m12:06:35.453774 [debug] [MainThread]: Command `dbt init` succeeded at 12:06:35.453774 after 3.54 seconds
[0m12:06:35.454789 [debug] [MainThread]: Sending event: {'category': 'dbt', 'action': 'invocation', 'label': 'end', 'context': [<snowplow_tracker.self_describing_json.SelfDescribingJson object at 0x000001F25240CFB0>, <snowplow_tracker.self_describing_json.SelfDescribingJson object at 0x000001F2531D1490>, <snowplow_tracker.self_describing_json.SelfDescribingJson object at 0x000001F252F174A0>]}
[0m12:06:35.454789 [debug] [MainThread]: Flushing usage events
